<?xml version="1.0" encoding="UTF-8"?>
<testsuite xmlns:xsi="http://www.w3.org/2001/XMLSchema-instance" xsi:schemaLocation="https://maven.apache.org/surefire/maven-surefire-plugin/xsd/surefire-test-report.xsd" name="Parallel02IT" time="68.009" tests="35" errors="0" skipped="0" failures="0">
  <properties>
[...]
</properties>
  <testcase name="Given I should be on the page &quot;home&quot;" classname="Scenario: Check if the XL slider block is displayed" time="0"/>
  <testcase name="Then I should see the &quot;XL slider&quot; block on the page" classname="Scenario: Check if the XL slider block is displayed" time="0"/>
  <testcase name="And I should be able to scroll the images" classname="Scenario: Check if the XL slider block is displayed" time="0"/>
  <testcase name="Scenario: Check if the XL slider block is displayed" classname="Scenario: Check if the XL slider block is displayed" time="0.165"/>
  <testcase name="Given I should be on the page &quot;home&quot;" classname="Scenario: Check if the Brand block is displayed" time="0"/>
  <testcase name="Given I should be on the page &quot;home&quot;" classname="Scenario: Check if the Brand block is displayed" time="0"/>
  <testcase name="Then I should see the &quot;Brand&quot; block on the page" classname="Scenario: Check if the Brand block is displayed" time="0"/>
  <testcase name="And I should be able to scroll through the brands" classname="Scenario: Check if the Brand block is displayed" time="0"/>
  <testcase name="And I click the Alle Marken button" classname="Scenario: Check if the Brand block is displayed" time="0"/>
  <testcase name="Scenario: Check if the Brand block is displayed" classname="Scenario: Check if the Brand block is displayed" time="0.147"/>
  <testcase name="Scenario: Check if the Brand block is displayed" classname="Scenario: Check if the Brand block is displayed" time="0.173"/>
  <testcase name="Then I should see the &quot;Story&quot; block on the page" classname="Scenario: Check if the Brand block is displayed" time="0"/>
  <testcase name="Given I should be on the page &quot;home&quot;" classname="Scenario: Check if the About Flaconi block is displayed" time="0"/>
  <testcase name="Given I should be on the page &quot;home&quot;" classname="Scenario: Check if the About Flaconi block is displayed" time="0"/>
  <testcase name="Then I should see the &quot;Brand Product Display&quot; block on the page" classname="Scenario: Check if the About Flaconi block is displayed" time="0"/>
  <testcase name="Scenario: Check if the About Flaconi block is displayed" classname="Scenario: Check if the About Flaconi block is displayed" time="0.088"/>
  <testcase name="Scenario: Check if the About Flaconi block is displayed" classname="Scenario: Check if the About Flaconi block is displayed" time="0.154"/>
  <testcase name="Then I should see the &quot;About Flaconi&quot; block on the page" classname="Scenario: Check if the About Flaconi block is displayed" time="0"/>
  <testcase name="And I should see the block title as &quot;Flaconi&quot;" classname="Scenario: Check if the About Flaconi block is displayed" time="0"/>
  <testcase name="Given I should be on the page &quot;home&quot;" classname="Scenario: Check if the Follow Flaconi block is displayed" time="0"/>
  <testcase name="Then I should see the &quot;Follow Flaconi&quot; block on the page" classname="Scenario: Check if the Follow Flaconi block is displayed" time="0"/>
  <testcase name="And I should see the block title as &quot;Flaconi folgen&quot;" classname="Scenario: Check if the Follow Flaconi block is displayed" time="0"/>
  <testcase name="Scenario: Check if the Follow Flaconi block is displayed" classname="Scenario: Check if the Follow Flaconi block is displayed" time="0.077"/>
  <testcase name="Given I should be on the page &quot;home&quot;" classname="Scenario: Check if the Customer Service block is displayed" time="0"/>
  <testcase name="Then I should see the &quot;Customer Service&quot; block on the page" classname="Scenario: Check if the Customer Service block is displayed" time="0"/>
  <testcase name="And I should see the block title as &quot;Kundenservice&quot;" classname="Scenario: Check if the Customer Service block is displayed" time="0"/>
  <testcase name="Scenario: Check if the Customer Service block is displayed" classname="Scenario: Check if the Customer Service block is displayed" time="0.075"/>
  <testcase name="Given I should be on the page &quot;home&quot;" classname="Scenario: Check if the Newsletter block is displayed" time="0"/>
  <testcase name="Then I should see the &quot;Newsletter&quot; block on the page" classname="Scenario: Check if the Newsletter block is displayed" time="0"/>
  <testcase name="And I should see the block title as &quot;Beauty News&quot;" classname="Scenario: Check if the Newsletter block is displayed" time="0"/>
  <testcase name="Scenario: Check if the Newsletter block is displayed" classname="Scenario: Check if the Newsletter block is displayed" time="0.074"/>
  <testcase name="Given I should be on the page &quot;home&quot;" classname="Scenario: Check if the Certified trustly block is displayed" time="0"/>
  <testcase name="Then I should see the &quot;Trustly certified&quot; block on the page" classname="Scenario: Check if the Certified trustly block is displayed" time="0"/>
  <testcase name="And I should see the block title as &quot;Sicherheit&quot;" classname="Scenario: Check if the Certified trustly block is displayed" time="0"/>
  <testcase name="Scenario: Check if the Certified trustly block is displayed" classname="Scenario: Check if the Certified trustly block is displayed" time="0.085"/>
</testsuite>