<?xml version="1.0" encoding="UTF-8"?>
<testsuite xmlns:xsi="http://www.w3.org/2001/XMLSchema-instance" xsi:schemaLocation="https://maven.apache.org/surefire/maven-surefire-plugin/xsd/surefire-test-report.xsd" name="cucumberRunnerTest" time="54.502" tests="30" errors="4" skipped="6" failures="8">
  <properties>
[...]
</properties>
  <testcase name="Given I should be on the page &quot;home&quot;" classname="| GESICHT |  | gesichtspflege |" time="0.001"/>
  <testcase name="Then I hover over the 3 &quot;Pflege&quot; category" classname="| GESICHT |  | gesichtspflege |" time="0"/>
  <testcase name="Then I should see the main-categories &quot;GESICHT&quot;" classname="| GESICHT |  | gesichtspflege |" time="0.006">
    <failure message="expected:&lt;[]&gt; but was:&lt;[GESICHT]&gt;" type="org.junit.ComparisonFailure"><![CDATA[org.junit.ComparisonFailure: expected:<[]> but was:<[GESICHT]>
]]></failure>
  </testcase>
  <testcase name="| GESICHT |  | gesichtspflege |" classname="| GESICHT |  | gesichtspflege |" time="0.007">
    <failure message="expected:&lt;[]&gt; but was:&lt;[GESICHT]&gt;" type="org.junit.ComparisonFailure"><![CDATA[org.junit.ComparisonFailure: expected:<[]> but was:<[GESICHT]>
]]></failure>
  </testcase>
  <testcase name="And I should be on the page &quot;gesichtspflege&quot;" classname="| GESICHT |  | gesichtspflege |" time="0">
    <skipped/>
  </testcase>
  <testcase name="Given I should be on the page &quot;home&quot;" classname="| KORPER |  | koerperpflege |" time="0"/>
  <testcase name="Then I hover over the 3 &quot;Pflege&quot; category" classname="| KORPER |  | koerperpflege |" time="0"/>
  <testcase name="Then I should see the main-categories &quot;KORPER&quot;" classname="| KORPER |  | koerperpflege |" time="0.001">
    <error message="{&quot;errorMessage&quot;:&quot;Element is not currently visible and may not be manipulated&quot;,&quot;request&quot;:{&quot;headers&quot;:{&quot;Accept-Encoding&quot;:&quot;gzip&quot;,&quot;Connection&quot;:&quot;Keep-Alive&quot;,&quot;Content-Length&quot;:&quot;32&quot;,&quot;Content-Type&quot;:&quot;application/json; charset=utf-8&quot;,&quot;Host&quot;:&quot;localhost:8777&quot;,&quot;User-Agent&quot;:&quot;selenium/3.14.0 (java windows)&quot;},&quot;httpVersion&quot;:&quot;1.1&quot;,&quot;method&quot;:&quot;POST&quot;,&quot;post&quot;:&quot;{\n  \&quot;id\&quot;: \&quot;:wdc:1542039770184\&quot;\n}&quot;,&quot;url&quot;:&quot;/click&quot;,&quot;urlParsed&quot;:{&quot;anchor&quot;:&quot;&quot;,&quot;query&quot;:&quot;&quot;,&quot;file&quot;:&quot;click&quot;,&quot;directory&quot;:&quot;/&quot;,&quot;path&quot;:&quot;/click&quot;,&quot;relative&quot;:&quot;/click&quot;,&quot;port&quot;:&quot;&quot;,&quot;host&quot;:&quot;&quot;,&quot;password&quot;:&quot;&quot;,&quot;user&quot;:&quot;&quot;,&quot;userInfo&quot;:&quot;&quot;,&quot;authority&quot;:&quot;&quot;,&quot;protocol&quot;:&quot;&quot;,&quot;source&quot;:&quot;/click&quot;,&quot;queryKey&quot;:{},&quot;chunks&quot;:[&quot;click&quot;]},&quot;urlOriginal&quot;:&quot;/session/2f4dacf0-e697-11e8-9c43-c3b00da4d9bb/element/:wdc:1542039770184/click&quot;}}&#10;Command duration or timeout: 0 milliseconds" type="org.openqa.selenium.ElementNotVisibleException">org.openqa.selenium.ElementNotVisibleException: 
{"errorMessage":"Element is not currently visible and may not be manipulated","request":{"headers":{"Accept-Encoding":"gzip","Connection":"Keep-Alive","Content-Length":"32","Content-Type":"application/json; charset=utf-8","Host":"localhost:8777","User-Agent":"selenium/3.14.0 (java windows)"},"httpVersion":"1.1","method":"POST","post":"{\n  \"id\": \":wdc:1542039770184\"\n}","url":"/click","urlParsed":{"anchor":"","query":"","file":"click","directory":"/","path":"/click","relative":"/click","port":"","host":"","password":"","user":"","userInfo":"","authority":"","protocol":"","source":"/click","queryKey":{},"chunks":["click"]},"urlOriginal":"/session/2f4dacf0-e697-11e8-9c43-c3b00da4d9bb/element/:wdc:1542039770184/click"}}
Command duration or timeout: 0 milliseconds
Caused by: org.openqa.selenium.remote.ScreenshotException: Screen shot has been taken
Caused by: org.openqa.selenium.ElementNotVisibleException: 
{"errorMessage":"Element is not currently visible and may not be manipulated","request":{"headers":{"Accept-Encoding":"gzip","Connection":"Keep-Alive","Content-Length":"32","Content-Type":"application/json; charset=utf-8","Host":"localhost:8777","User-Agent":"selenium/3.14.0 (java windows)"},"httpVersion":"1.1","method":"POST","post":"{\n  \"id\": \":wdc:1542039770184\"\n}","url":"/click","urlParsed":{"anchor":"","query":"","file":"click","directory":"/","path":"/click","relative":"/click","port":"","host":"","password":"","user":"","userInfo":"","authority":"","protocol":"","source":"/click","queryKey":{},"chunks":["click"]},"urlOriginal":"/session/2f4dacf0-e697-11e8-9c43-c3b00da4d9bb/element/:wdc:1542039770184/click"}}
Build info: version: '3.14.0', revision: 'aacccce0', time: '2018-08-02T20:19:58.91Z'
System info: host: 'OVI', ip: '10.0.75.1', os.name: 'Windows 10', os.arch: 'amd64', os.version: '10.0', java.version: '1.8.0_181'
Driver info: driver.version: unknown
</error>
  </testcase>
  <testcase name="| KORPER |  | koerperpflege |" classname="| KORPER |  | koerperpflege |" time="0.003">
    <error message="{&quot;errorMessage&quot;:&quot;Element is not currently visible and may not be manipulated&quot;,&quot;request&quot;:{&quot;headers&quot;:{&quot;Accept-Encoding&quot;:&quot;gzip&quot;,&quot;Connection&quot;:&quot;Keep-Alive&quot;,&quot;Content-Length&quot;:&quot;32&quot;,&quot;Content-Type&quot;:&quot;application/json; charset=utf-8&quot;,&quot;Host&quot;:&quot;localhost:8777&quot;,&quot;User-Agent&quot;:&quot;selenium/3.14.0 (java windows)&quot;},&quot;httpVersion&quot;:&quot;1.1&quot;,&quot;method&quot;:&quot;POST&quot;,&quot;post&quot;:&quot;{\n  \&quot;id\&quot;: \&quot;:wdc:1542039770184\&quot;\n}&quot;,&quot;url&quot;:&quot;/click&quot;,&quot;urlParsed&quot;:{&quot;anchor&quot;:&quot;&quot;,&quot;query&quot;:&quot;&quot;,&quot;file&quot;:&quot;click&quot;,&quot;directory&quot;:&quot;/&quot;,&quot;path&quot;:&quot;/click&quot;,&quot;relative&quot;:&quot;/click&quot;,&quot;port&quot;:&quot;&quot;,&quot;host&quot;:&quot;&quot;,&quot;password&quot;:&quot;&quot;,&quot;user&quot;:&quot;&quot;,&quot;userInfo&quot;:&quot;&quot;,&quot;authority&quot;:&quot;&quot;,&quot;protocol&quot;:&quot;&quot;,&quot;source&quot;:&quot;/click&quot;,&quot;queryKey&quot;:{},&quot;chunks&quot;:[&quot;click&quot;]},&quot;urlOriginal&quot;:&quot;/session/2f4dacf0-e697-11e8-9c43-c3b00da4d9bb/element/:wdc:1542039770184/click&quot;}}&#10;Command duration or timeout: 0 milliseconds" type="org.openqa.selenium.ElementNotVisibleException">org.openqa.selenium.ElementNotVisibleException: 
{"errorMessage":"Element is not currently visible and may not be manipulated","request":{"headers":{"Accept-Encoding":"gzip","Connection":"Keep-Alive","Content-Length":"32","Content-Type":"application/json; charset=utf-8","Host":"localhost:8777","User-Agent":"selenium/3.14.0 (java windows)"},"httpVersion":"1.1","method":"POST","post":"{\n  \"id\": \":wdc:1542039770184\"\n}","url":"/click","urlParsed":{"anchor":"","query":"","file":"click","directory":"/","path":"/click","relative":"/click","port":"","host":"","password":"","user":"","userInfo":"","authority":"","protocol":"","source":"/click","queryKey":{},"chunks":["click"]},"urlOriginal":"/session/2f4dacf0-e697-11e8-9c43-c3b00da4d9bb/element/:wdc:1542039770184/click"}}
Command duration or timeout: 0 milliseconds
Caused by: org.openqa.selenium.remote.ScreenshotException: Screen shot has been taken
Caused by: org.openqa.selenium.ElementNotVisibleException: 
{"errorMessage":"Element is not currently visible and may not be manipulated","request":{"headers":{"Accept-Encoding":"gzip","Connection":"Keep-Alive","Content-Length":"32","Content-Type":"application/json; charset=utf-8","Host":"localhost:8777","User-Agent":"selenium/3.14.0 (java windows)"},"httpVersion":"1.1","method":"POST","post":"{\n  \"id\": \":wdc:1542039770184\"\n}","url":"/click","urlParsed":{"anchor":"","query":"","file":"click","directory":"/","path":"/click","relative":"/click","port":"","host":"","password":"","user":"","userInfo":"","authority":"","protocol":"","source":"/click","queryKey":{},"chunks":["click"]},"urlOriginal":"/session/2f4dacf0-e697-11e8-9c43-c3b00da4d9bb/element/:wdc:1542039770184/click"}}
Build info: version: '3.14.0', revision: 'aacccce0', time: '2018-08-02T20:19:58.91Z'
System info: host: 'OVI', ip: '10.0.75.1', os.name: 'Windows 10', os.arch: 'amd64', os.version: '10.0', java.version: '1.8.0_181'
Driver info: driver.version: unknown
</error>
  </testcase>
  <testcase name="And I should be on the page &quot;koerperpflege&quot;" classname="| KORPER |  | koerperpflege |" time="0">
    <skipped/>
  </testcase>
  <testcase name="Given I should be on the page &quot;home&quot;" classname="| SONNEN |  | sonnenpflege |" time="0"/>
  <testcase name="Then I hover over the 3 &quot;Pflege&quot; category" classname="| SONNEN |  | sonnenpflege |" time="0"/>
  <testcase name="Then I should see the main-categories &quot;SONNEN&quot;" classname="| SONNEN |  | sonnenpflege |" time="0.001">
    <failure type="java.lang.AssertionError">java.lang.AssertionError
</failure>
  </testcase>
  <testcase name="| SONNEN |  | sonnenpflege |" classname="| SONNEN |  | sonnenpflege |" time="0.001">
    <failure type="java.lang.AssertionError">java.lang.AssertionError
</failure>
  </testcase>
  <testcase name="And I should be on the page &quot;sonnenpflege&quot;" classname="| SONNEN |  | sonnenpflege |" time="0">
    <skipped/>
  </testcase>
  <testcase name="Given I should be on the page &quot;home&quot;" classname="| FOR MEN |  | herrenpflege |" time="0"/>
  <testcase name="Then I hover over the 3 &quot;Pflege&quot; category" classname="| FOR MEN |  | herrenpflege |" time="0"/>
  <testcase name="Then I should see the main-categories &quot;FOR MEN&quot;" classname="| FOR MEN |  | herrenpflege |" time="0.001">
    <failure type="java.lang.AssertionError">java.lang.AssertionError
</failure>
  </testcase>
  <testcase name="| FOR MEN |  | herrenpflege |" classname="| FOR MEN |  | herrenpflege |" time="0.001">
    <failure type="java.lang.AssertionError">java.lang.AssertionError
</failure>
  </testcase>
  <testcase name="And I should be on the page &quot;herrenpflege&quot;" classname="| FOR MEN |  | herrenpflege |" time="0">
    <skipped/>
  </testcase>
  <testcase name="Given I should be on the page &quot;home&quot;" classname="| TOP MARKEN |  | marken |" time="0"/>
  <testcase name="Then I hover over the 3 &quot;Pflege&quot; category" classname="| TOP MARKEN |  | marken |" time="0"/>
  <testcase name="Then I should see the main-categories &quot;TOP MARKEN&quot;" classname="| TOP MARKEN |  | marken |" time="0.001">
    <failure type="java.lang.AssertionError">java.lang.AssertionError
</failure>
  </testcase>
  <testcase name="| TOP MARKEN |  | marken |" classname="| TOP MARKEN |  | marken |" time="0.001">
    <failure type="java.lang.AssertionError">java.lang.AssertionError
</failure>
  </testcase>
  <testcase name="And I should be on the page &quot;marken&quot;" classname="| TOP MARKEN |  | marken |" time="0">
    <skipped/>
  </testcase>
  <testcase name="Given I should be on the page &quot;home&quot;" classname="| SPECIALS |  | specials |" time="0"/>
  <testcase name="Then I hover over the 3 &quot;Pflege&quot; category" classname="| SPECIALS |  | specials |" time="0"/>
  <testcase name="Then I should see the main-categories &quot;SPECIALS&quot;" classname="| SPECIALS |  | specials |" time="0.001">
    <error message="{&quot;errorMessage&quot;:&quot;Element is not currently visible and may not be manipulated&quot;,&quot;request&quot;:{&quot;headers&quot;:{&quot;Accept-Encoding&quot;:&quot;gzip&quot;,&quot;Connection&quot;:&quot;Keep-Alive&quot;,&quot;Content-Length&quot;:&quot;32&quot;,&quot;Content-Type&quot;:&quot;application/json; charset=utf-8&quot;,&quot;Host&quot;:&quot;localhost:18831&quot;,&quot;User-Agent&quot;:&quot;selenium/3.14.0 (java windows)&quot;},&quot;httpVersion&quot;:&quot;1.1&quot;,&quot;method&quot;:&quot;POST&quot;,&quot;post&quot;:&quot;{\n  \&quot;id\&quot;: \&quot;:wdc:1542039803507\&quot;\n}&quot;,&quot;url&quot;:&quot;/click&quot;,&quot;urlParsed&quot;:{&quot;anchor&quot;:&quot;&quot;,&quot;query&quot;:&quot;&quot;,&quot;file&quot;:&quot;click&quot;,&quot;directory&quot;:&quot;/&quot;,&quot;path&quot;:&quot;/click&quot;,&quot;relative&quot;:&quot;/click&quot;,&quot;port&quot;:&quot;&quot;,&quot;host&quot;:&quot;&quot;,&quot;password&quot;:&quot;&quot;,&quot;user&quot;:&quot;&quot;,&quot;userInfo&quot;:&quot;&quot;,&quot;authority&quot;:&quot;&quot;,&quot;protocol&quot;:&quot;&quot;,&quot;source&quot;:&quot;/click&quot;,&quot;queryKey&quot;:{},&quot;chunks&quot;:[&quot;click&quot;]},&quot;urlOriginal&quot;:&quot;/session/4343b100-e697-11e8-8cc1-a79cac53c209/element/:wdc:1542039803507/click&quot;}}&#10;Command duration or timeout: 0 milliseconds" type="org.openqa.selenium.ElementNotVisibleException">org.openqa.selenium.ElementNotVisibleException: 
{"errorMessage":"Element is not currently visible and may not be manipulated","request":{"headers":{"Accept-Encoding":"gzip","Connection":"Keep-Alive","Content-Length":"32","Content-Type":"application/json; charset=utf-8","Host":"localhost:18831","User-Agent":"selenium/3.14.0 (java windows)"},"httpVersion":"1.1","method":"POST","post":"{\n  \"id\": \":wdc:1542039803507\"\n}","url":"/click","urlParsed":{"anchor":"","query":"","file":"click","directory":"/","path":"/click","relative":"/click","port":"","host":"","password":"","user":"","userInfo":"","authority":"","protocol":"","source":"/click","queryKey":{},"chunks":["click"]},"urlOriginal":"/session/4343b100-e697-11e8-8cc1-a79cac53c209/element/:wdc:1542039803507/click"}}
Command duration or timeout: 0 milliseconds
Caused by: org.openqa.selenium.remote.ScreenshotException: Screen shot has been taken
Caused by: org.openqa.selenium.ElementNotVisibleException: 
{"errorMessage":"Element is not currently visible and may not be manipulated","request":{"headers":{"Accept-Encoding":"gzip","Connection":"Keep-Alive","Content-Length":"32","Content-Type":"application/json; charset=utf-8","Host":"localhost:18831","User-Agent":"selenium/3.14.0 (java windows)"},"httpVersion":"1.1","method":"POST","post":"{\n  \"id\": \":wdc:1542039803507\"\n}","url":"/click","urlParsed":{"anchor":"","query":"","file":"click","directory":"/","path":"/click","relative":"/click","port":"","host":"","password":"","user":"","userInfo":"","authority":"","protocol":"","source":"/click","queryKey":{},"chunks":["click"]},"urlOriginal":"/session/4343b100-e697-11e8-8cc1-a79cac53c209/element/:wdc:1542039803507/click"}}
Build info: version: '3.14.0', revision: 'aacccce0', time: '2018-08-02T20:19:58.91Z'
System info: host: 'OVI', ip: '10.0.75.1', os.name: 'Windows 10', os.arch: 'amd64', os.version: '10.0', java.version: '1.8.0_181'
Driver info: driver.version: unknown
</error>
  </testcase>
  <testcase name="| SPECIALS |  | specials |" classname="| SPECIALS |  | specials |" time="0.001">
    <error message="{&quot;errorMessage&quot;:&quot;Element is not currently visible and may not be manipulated&quot;,&quot;request&quot;:{&quot;headers&quot;:{&quot;Accept-Encoding&quot;:&quot;gzip&quot;,&quot;Connection&quot;:&quot;Keep-Alive&quot;,&quot;Content-Length&quot;:&quot;32&quot;,&quot;Content-Type&quot;:&quot;application/json; charset=utf-8&quot;,&quot;Host&quot;:&quot;localhost:18831&quot;,&quot;User-Agent&quot;:&quot;selenium/3.14.0 (java windows)&quot;},&quot;httpVersion&quot;:&quot;1.1&quot;,&quot;method&quot;:&quot;POST&quot;,&quot;post&quot;:&quot;{\n  \&quot;id\&quot;: \&quot;:wdc:1542039803507\&quot;\n}&quot;,&quot;url&quot;:&quot;/click&quot;,&quot;urlParsed&quot;:{&quot;anchor&quot;:&quot;&quot;,&quot;query&quot;:&quot;&quot;,&quot;file&quot;:&quot;click&quot;,&quot;directory&quot;:&quot;/&quot;,&quot;path&quot;:&quot;/click&quot;,&quot;relative&quot;:&quot;/click&quot;,&quot;port&quot;:&quot;&quot;,&quot;host&quot;:&quot;&quot;,&quot;password&quot;:&quot;&quot;,&quot;user&quot;:&quot;&quot;,&quot;userInfo&quot;:&quot;&quot;,&quot;authority&quot;:&quot;&quot;,&quot;protocol&quot;:&quot;&quot;,&quot;source&quot;:&quot;/click&quot;,&quot;queryKey&quot;:{},&quot;chunks&quot;:[&quot;click&quot;]},&quot;urlOriginal&quot;:&quot;/session/4343b100-e697-11e8-8cc1-a79cac53c209/element/:wdc:1542039803507/click&quot;}}&#10;Command duration or timeout: 0 milliseconds" type="org.openqa.selenium.ElementNotVisibleException">org.openqa.selenium.ElementNotVisibleException: 
{"errorMessage":"Element is not currently visible and may not be manipulated","request":{"headers":{"Accept-Encoding":"gzip","Connection":"Keep-Alive","Content-Length":"32","Content-Type":"application/json; charset=utf-8","Host":"localhost:18831","User-Agent":"selenium/3.14.0 (java windows)"},"httpVersion":"1.1","method":"POST","post":"{\n  \"id\": \":wdc:1542039803507\"\n}","url":"/click","urlParsed":{"anchor":"","query":"","file":"click","directory":"/","path":"/click","relative":"/click","port":"","host":"","password":"","user":"","userInfo":"","authority":"","protocol":"","source":"/click","queryKey":{},"chunks":["click"]},"urlOriginal":"/session/4343b100-e697-11e8-8cc1-a79cac53c209/element/:wdc:1542039803507/click"}}
Command duration or timeout: 0 milliseconds
Caused by: org.openqa.selenium.remote.ScreenshotException: Screen shot has been taken
Caused by: org.openqa.selenium.ElementNotVisibleException: 
{"errorMessage":"Element is not currently visible and may not be manipulated","request":{"headers":{"Accept-Encoding":"gzip","Connection":"Keep-Alive","Content-Length":"32","Content-Type":"application/json; charset=utf-8","Host":"localhost:18831","User-Agent":"selenium/3.14.0 (java windows)"},"httpVersion":"1.1","method":"POST","post":"{\n  \"id\": \":wdc:1542039803507\"\n}","url":"/click","urlParsed":{"anchor":"","query":"","file":"click","directory":"/","path":"/click","relative":"/click","port":"","host":"","password":"","user":"","userInfo":"","authority":"","protocol":"","source":"/click","queryKey":{},"chunks":["click"]},"urlOriginal":"/session/4343b100-e697-11e8-8cc1-a79cac53c209/element/:wdc:1542039803507/click"}}
Build info: version: '3.14.0', revision: 'aacccce0', time: '2018-08-02T20:19:58.91Z'
System info: host: 'OVI', ip: '10.0.75.1', os.name: 'Windows 10', os.arch: 'amd64', os.version: '10.0', java.version: '1.8.0_181'
Driver info: driver.version: unknown
</error>
  </testcase>
  <testcase name="And I should be on the page &quot;specials&quot;" classname="| SPECIALS |  | specials |" time="0">
    <skipped/>
  </testcase>
</testsuite>